[Licensing::Module] Trying to connect to existing licensing client channel...
[Licensing::IpcConnector] Successfully connected to: "LicenseClient-abroo" at "2025-10-02T21:49:13.7689984Z"
Built from '6000.2/staging' branch; Version is '6000.2.5f1 (43d04cd1df69) revision 4444236'; Using compiler version '194234433'; Build Type 'Release'
OS: 'Windows 11  (10.0.26100) 64bit Core' Language: 'en' Physical Memory: 32452 MB
BatchMode: 1, IsHumanControllingUs: 0, StartBugReporterOnCrash: 0, Is64bit: 1
Date: 2025-10-02T21:49:13Z

COMMAND LINE ARGUMENTS:
C:\Program Files\Unity\Hub\Editor\6000.2.5f1\Editor\Unity.exe
-adb2
-batchMode
-noUpm
-name
AssetImportWorker2
-projectPath
C:/Users/abroo/GameDev/Year2/Semester 1/CompGraphicsLab4
-logFile
Logs/AssetImportWorker2.log
-srvPort
54219
-job-worker-count
15
-background-job-worker-count
8
-gc-helper-count
1
-name
AssetImport
Successfully changed project path to: C:/Users/abroo/GameDev/Year2/Semester 1/CompGraphicsLab4
C:/Users/abroo/GameDev/Year2/Semester 1/CompGraphicsLab4
[UnityMemory] Configuration Parameters - Can be set up in boot.config
    "memorysetup-allocator-temp-initial-block-size-main=262144"
    "memorysetup-allocator-temp-initial-block-size-worker=262144"
    "memorysetup-bucket-allocator-granularity=16"
    "memorysetup-bucket-allocator-bucket-count=8"
    "memorysetup-bucket-allocator-block-size=33554432"
    "memorysetup-bucket-allocator-block-count=8"
    "memorysetup-main-allocator-block-size=16777216"
    "memorysetup-thread-allocator-block-size=16777216"
    "memorysetup-gfx-main-allocator-block-size=16777216"
    "memorysetup-gfx-thread-allocator-block-size=16777216"
    "memorysetup-cache-allocator-block-size=4194304"
    "memorysetup-typetree-allocator-block-size=2097152"
    "memorysetup-profiler-bucket-allocator-granularity=16"
    "memorysetup-profiler-bucket-allocator-bucket-count=8"
    "memorysetup-profiler-bucket-allocator-block-size=33554432"
    "memorysetup-profiler-bucket-allocator-block-count=8"
    "memorysetup-profiler-allocator-block-size=16777216"
    "memorysetup-profiler-editor-allocator-block-size=1048576"
    "memorysetup-temp-allocator-size-main=16777216"
    "memorysetup-job-temp-allocator-block-size=2097152"
    "memorysetup-job-temp-allocator-block-size-background=1048576"
    "memorysetup-job-temp-allocator-reduction-small-platforms=262144"
    "memorysetup-temp-allocator-size-background-worker=32768"
    "memorysetup-temp-allocator-size-job-worker=262144"
    "memorysetup-temp-allocator-size-preload-manager=33554432"
    "memorysetup-temp-allocator-size-nav-mesh-worker=65536"
    "memorysetup-temp-allocator-size-audio-worker=65536"
    "memorysetup-temp-allocator-size-cloud-worker=32768"
    "memorysetup-temp-allocator-size-gi-baking-worker=262144"
    "memorysetup-temp-allocator-size-gi-baking-worker=262144"
    "memorysetup-temp-allocator-size-gi-baking-worker=262144"
    "memorysetup-temp-allocator-size-gi-baking-worker=262144"
    "memorysetup-temp-allocator-size-gi-baking-worker=262144"
    "memorysetup-temp-allocator-size-gfx=262144"
Player connection [35260]  Target information:

Player connection [35260]  * "[IP] 10.150.47.129 [Port] 0 [Flags] 2 [Guid] 697310424 [EditorId] 697310424 [Version] 1048832 [Id] WindowsEditor(7,Auto) [Debug] 1 [PackageName] WindowsEditor [ProjectName] Editor" 

Player connection [35260] Host joined multi-casting on [225.0.0.222:54997]...
Player connection [35260] Host joined alternative multi-casting on [225.0.0.222:34997]...
JobSystem: Creating JobQueue using job-worker-count value 15
Input System module state changed to: Initialized.
[Physics::Module] Initialized fallback backend.
[Physics::Module] Id: 0xdecafbad
[Licensing::Client] Code 10 while verifying Licensing Client signature (process Id: 32188, path: "C:/Program Files/Unity Hub/UnityLicensingClient_V1/Unity.Licensing.Client.exe")
[Licensing::Module] LicensingClient has failed validation; ignoring
[Licensing::Client] Handshaking with LicensingClient:
  Version:                 1.17.3+a4e98f1
  Session Id:              6af56409fc23456b8f0b72be701e4d13
  Correlation Id:          b2152329a29a63850759c7f3311c76bc
  External correlation Id: 6853765967814854260
  Machine Id:              i5WJpdG9cUsXLbaoz0ZS/0ARrWc=
[Licensing::Module] Successfully connected to LicensingClient on channel: "LicenseClient-abroo" (connect: 0.00s, validation: 0.00s, handshake: 0.04s)
[Licensing::IpcConnector] Successfully connected to: "LicenseClient-abroo-notifications" at "2025-10-02T21:49:13.8086985Z"
[Licensing::Module] Licensing Background thread has ended after 0.04s
Library Redirect Path: Library/
[Physics::Module] Selected backend.
[Physics::Module] Name: PhysX
[Physics::Module] Id: 0xf2b8ea05
[Physics::Module] SDK Version: 4.1.2
[Physics::Module] Integration Version: 1.0.0
[Physics::Module] Threading Mode: Multi-Threaded
Refreshing native plugins compatible for Editor in 1.70 ms, found 3 plugins.
Preloading 0 native plugins for Editor in 0.00 ms.
Initialize engine version: 6000.2.5f1 (43d04cd1df69)
[Subsystems] Discovering subsystems at path C:/Program Files/Unity/Hub/Editor/6000.2.5f1/Editor/Data/Resources/UnitySubsystems
[Subsystems] Discovering subsystems at path C:/Users/abroo/GameDev/Year2/Semester 1/CompGraphicsLab4/Assets
GfxDevice: creating device client; kGfxThreadingModeNonThreaded
d3d12: failed to query info queue interface (0x80004002).
Direct3D:
    Version:         Direct3D 12 [level 12.1]
    Renderer:        NVIDIA GeForce RTX 4070 Laptop GPU (ID=0x2860)
    Vendor:          NVIDIA
    VRAM:            7948 MB
    App VRAM Budget: 7180 MB
    Driver:          32.0.15.7628
Initialize mono
Mono path[0] = 'C:/Program Files/Unity/Hub/Editor/6000.2.5f1/Editor/Data/Managed'
Mono path[1] = 'C:/Program Files/Unity/Hub/Editor/6000.2.5f1/Editor/Data/MonoBleedingEdge/lib/mono/unityjit-win32'
Mono config path = 'C:/Program Files/Unity/Hub/Editor/6000.2.5f1/Editor/Data/MonoBleedingEdge/etc'
Using monoOptions --debugger-agent=transport=dt_socket,embedding=1,server=y,suspend=n,address=127.0.0.1:56280
Begin MonoManager ReloadAssembly
Registering precompiled unity dll's ...
Register platform support module: C:/Program Files/Unity/Hub/Editor/6000.2.5f1/Editor/Data/PlaybackEngines/WindowsStandaloneSupport/UnityEditor.WindowsStandalone.Extensions.dll
Registered in 0.001863 seconds.
- Loaded All Assemblies, in  0.291 seconds
Native extension for WindowsStandalone target not found
Mono: successfully reloaded assembly
- Finished resetting the current domain, in  0.267 seconds
Domain Reload Profiling: 556ms
	BeginReloadAssembly (105ms)
		ExecutionOrderSort (0ms)
		DisableScriptedObjects (0ms)
		BackupInstance (0ms)
		ReleaseScriptingObjects (0ms)
		CreateAndSetChildDomain (1ms)
	RebuildCommonClasses (26ms)
	RebuildNativeTypeToScriptingClass (8ms)
	initialDomainReloadingComplete (36ms)
	LoadAllAssembliesAndSetupDomain (113ms)
		LoadAssemblies (102ms)
		RebuildTransferFunctionScriptingTraits (0ms)
		AnalyzeDomain (111ms)
			TypeCache.Refresh (110ms)
				TypeCache.ScanAssembly (100ms)
			BuildScriptInfoCaches (0ms)
			ResolveRequiredComponents (0ms)
	FinalizeReload (268ms)
		ReleaseScriptCaches (0ms)
		RebuildScriptCaches (0ms)
		SetupLoadedEditorAssemblies (236ms)
			LogAssemblyErrors (0ms)
			InitializePlatformSupportModulesInManaged (37ms)
			SetLoadedEditorAssemblies (3ms)
			BeforeProcessingInitializeOnLoad (58ms)
			ProcessInitializeOnLoadAttributes (101ms)
			ProcessInitializeOnLoadMethodAttributes (38ms)
			AfterProcessingInitializeOnLoad (0ms)
			EditorAssembliesLoaded (0ms)
		ExecutionOrderSort2 (0ms)
		AwakeInstancesAfterBackupRestoration (0ms)
========================================================================
Worker process is ready to serve import requests
Import Worker Mode flag is 0x00
Begin MonoManager ReloadAssembly
[Licensing::Client] Successfully resolved entitlement details
[Licensing::Module] License group:
  Id: 3574354678518-UnityPersXXXX
  Product: Unity Personal
  Type: Assigned
  Expiration: Unlimited
- Loaded All Assemblies, in  0.638 seconds
Refreshing native plugins compatible for Editor in 0.73 ms, found 3 plugins.
Native extension for WindowsStandalone target not found
Package Manager log level set to [2]
[Package Manager] Failed to launch server process. Reason: Unity was launched with the -noUpm command-line argument
[Package Manager] Unable to send message (not connected to server process).
[Package Manager] Cannot connect to Unity Package Manager local server
Mono: successfully reloaded assembly
- Finished resetting the current domain, in  0.561 seconds
Domain Reload Profiling: 1196ms
	BeginReloadAssembly (152ms)
		ExecutionOrderSort (0ms)
		DisableScriptedObjects (4ms)
		BackupInstance (0ms)
		ReleaseScriptingObjects (0ms)
		CreateAndSetChildDomain (21ms)
	RebuildCommonClasses (30ms)
	RebuildNativeTypeToScriptingClass (9ms)
	initialDomainReloadingComplete (31ms)
	LoadAllAssembliesAndSetupDomain (413ms)
		LoadAssemblies (314ms)
		RebuildTransferFunctionScriptingTraits (0ms)
		AnalyzeDomain (181ms)
			TypeCache.Refresh (131ms)
				TypeCache.ScanAssembly (119ms)
			BuildScriptInfoCaches (38ms)
			ResolveRequiredComponents (8ms)
	FinalizeReload (561ms)
		ReleaseScriptCaches (0ms)
		RebuildScriptCaches (0ms)
		SetupLoadedEditorAssemblies (426ms)
			LogAssemblyErrors (0ms)
			InitializePlatformSupportModulesInManaged (1ms)
			SetLoadedEditorAssemblies (4ms)
			BeforeProcessingInitializeOnLoad (99ms)
			ProcessInitializeOnLoadAttributes (280ms)
			ProcessInitializeOnLoadMethodAttributes (37ms)
			AfterProcessingInitializeOnLoad (4ms)
			EditorAssembliesLoaded (0ms)
		ExecutionOrderSort2 (0ms)
		AwakeInstancesAfterBackupRestoration (5ms)
Launched and connected shader compiler UnityShaderCompiler.exe after 0.01 seconds
Refreshing native plugins compatible for Editor in 0.78 ms, found 3 plugins.
Preloading 0 native plugins for Editor in 0.00 ms.
Unloading 13 Unused Serialized files (Serialized files now loaded: 0)
Unloading 6097 unused Assets / (4.6 MB). Loaded Objects now: 6792.
Memory consumption went from 143.0 MB to 138.4 MB.
Total: 7.073300 ms (FindLiveObjects: 0.630600 ms CreateObjectMapping: 0.484100 ms MarkObjects: 4.264000 ms  DeleteObjects: 1.693600 ms)

========================================================================
Received Import Request.
  Time since last request: 63430.040303 seconds.
  path: Assets/meowscles/source/Meowscles.blend
  artifactKey: Guid(cfe078ba5fe22d240913dd019571325c) Importer(815301076,1909f56bfc062723c751e8b465ee728b)
Start importing Assets/meowscles/source/Meowscles.blend using Guid(cfe078ba5fe22d240913dd019571325c) Importer(815301076,1909f56bfc062723c751e8b465ee728b) (PreviewImporter) -> (artifact id: '08b99014702547a356d9c68e88fb3bb9') in 2.3656248 seconds
Number of updated asset objects reloaded before import = 0Number of asset objects unloaded after import = 281

========================================================================
Received Import Request.
  Time since last request: 187.568243 seconds.
  path: Assets
  artifactKey: Guid(00000000000000001000000000000000) Importer(815301076,1909f56bfc062723c751e8b465ee728b)
Start importing Assets using Guid(00000000000000001000000000000000) Importer(815301076,1909f56bfc062723c751e8b465ee728b) (PreviewImporter) -> (artifact id: 'c391582d739b6e62a5220f35cbb167ac') in 0.0006487 seconds
Number of updated asset objects reloaded before import = 0Number of asset objects unloaded after import = 0

========================================================================
Received Import Request.
  Time since last request: 19.436090 seconds.
  path: Assets/Meowshader.shadergraph
  artifactKey: Guid(5b9f8d13db4c59649881cd65a13c41a4) Importer(815301076,1909f56bfc062723c751e8b465ee728b)
Start importing Assets/Meowshader.shadergraph using Guid(5b9f8d13db4c59649881cd65a13c41a4) Importer(815301076,1909f56bfc062723c751e8b465ee728b) (PreviewImporter) -> (artifact id: '601106a9bd2c170ea29d2a7de09f31b9') in 0.4511736 seconds
Number of updated asset objects reloaded before import = 0Number of asset objects unloaded after import = 5

========================================================================
Received Import Request.
  Time since last request: 1000.025512 seconds.
  path: Assets/WorldMaterialsFree
  artifactKey: Guid(4f5f7ce2f5d71e34e9b4ef8eba40a800) Importer(815301076,1909f56bfc062723c751e8b465ee728b)
Start importing Assets/WorldMaterialsFree using Guid(4f5f7ce2f5d71e34e9b4ef8eba40a800) Importer(815301076,1909f56bfc062723c751e8b465ee728b) (PreviewImporter) -> (artifact id: 'c43e99cfe7d38e4276853fdc60cce844') in 0.000848 seconds
Number of updated asset objects reloaded before import = 0Number of asset objects unloaded after import = 0

========================================================================
Received Import Request.
  Time since last request: 59.844408 seconds.
  path: Assets/TutorialInfo/Icons/URP.png
  artifactKey: Guid(727a75301c3d24613a3ebcec4a24c2c8) Importer(815301076,1909f56bfc062723c751e8b465ee728b)
Start importing Assets/TutorialInfo/Icons/URP.png using Guid(727a75301c3d24613a3ebcec4a24c2c8) Importer(815301076,1909f56bfc062723c751e8b465ee728b) (PreviewImporter) -> (artifact id: '7a2146c33f79d0dc51214aaff4d4a6ae') in 0.2795231 seconds
Number of updated asset objects reloaded before import = 0Number of asset objects unloaded after import = 2

========================================================================
Received Import Request.
  Time since last request: 1.885297 seconds.
  path: Assets/LowlyPoly/Free Stylized Textures/Textures/vol_2_3_Wood_Base_Color.png
  artifactKey: Guid(9c4040e552b4ecf4c80b8f1c96d2aca2) Importer(815301076,1909f56bfc062723c751e8b465ee728b)
Start importing Assets/LowlyPoly/Free Stylized Textures/Textures/vol_2_3_Wood_Base_Color.png using Guid(9c4040e552b4ecf4c80b8f1c96d2aca2) Importer(815301076,1909f56bfc062723c751e8b465ee728b) (PreviewImporter) -> (artifact id: '53dfb59ad8d8dda3532ad5385bbe9e7f') in 0.0384729 seconds
Number of updated asset objects reloaded before import = 0Number of asset objects unloaded after import = 2

========================================================================
Received Import Request.
  Time since last request: 0.000022 seconds.
  path: Assets/LowlyPoly/Free Stylized Textures/Textures/vol_2_3_Wood_Roughness.png
  artifactKey: Guid(37523e5dd9dadd64d95c93dbdaf265ef) Importer(815301076,1909f56bfc062723c751e8b465ee728b)
Start importing Assets/LowlyPoly/Free Stylized Textures/Textures/vol_2_3_Wood_Roughness.png using Guid(37523e5dd9dadd64d95c93dbdaf265ef) Importer(815301076,1909f56bfc062723c751e8b465ee728b) (PreviewImporter) -> (artifact id: 'fdbb13e4b77d8437630d45b5893cc8b6') in 0.0328003 seconds
Number of updated asset objects reloaded before import = 0Number of asset objects unloaded after import = 2

========================================================================
Received Import Request.
  Time since last request: 0.000035 seconds.
  path: Assets/LowlyPoly/Free Stylized Textures/Textures/Vol_7_1_Tiles_Ambient_Occlusion.png
  artifactKey: Guid(2d369e16f5f84a04c83c22731a20390f) Importer(815301076,1909f56bfc062723c751e8b465ee728b)
Start importing Assets/LowlyPoly/Free Stylized Textures/Textures/Vol_7_1_Tiles_Ambient_Occlusion.png using Guid(2d369e16f5f84a04c83c22731a20390f) Importer(815301076,1909f56bfc062723c751e8b465ee728b) (PreviewImporter) -> (artifact id: '62c69c5811c7b35022ed72710b504522') in 0.0320862 seconds
Number of updated asset objects reloaded before import = 0Number of asset objects unloaded after import = 2

========================================================================
Received Import Request.
  Time since last request: 0.092455 seconds.
  path: Assets/LowlyPoly/Free Stylized Textures/Textures/Vol_7_1_Tiles_Base_Color.png
  artifactKey: Guid(aa3e95facbcb2874ea5d0fa0ce8ab8f2) Importer(815301076,1909f56bfc062723c751e8b465ee728b)
Start importing Assets/LowlyPoly/Free Stylized Textures/Textures/Vol_7_1_Tiles_Base_Color.png using Guid(aa3e95facbcb2874ea5d0fa0ce8ab8f2) Importer(815301076,1909f56bfc062723c751e8b465ee728b) (PreviewImporter) -> (artifact id: '59779a70305bc4d49220aa6bd1f86f98') in 0.0303039 seconds
Number of updated asset objects reloaded before import = 0Number of asset objects unloaded after import = 2

========================================================================
Received Import Request.
  Time since last request: 0.000021 seconds.
  path: Assets/LowlyPoly/Free Stylized Textures/Textures/Vol_7_1_Tiles_Normal.png
  artifactKey: Guid(8931af16587629c4187693a56cd9de54) Importer(815301076,1909f56bfc062723c751e8b465ee728b)
Start importing Assets/LowlyPoly/Free Stylized Textures/Textures/Vol_7_1_Tiles_Normal.png using Guid(8931af16587629c4187693a56cd9de54) Importer(815301076,1909f56bfc062723c751e8b465ee728b) (PreviewImporter) -> (artifact id: '6fe8cffad4d749ae84a68e6d1f55ca3e') in 0.0551853 seconds
Number of updated asset objects reloaded before import = 0Number of asset objects unloaded after import = 2

========================================================================
Received Import Request.
  Time since last request: 0.889493 seconds.
  path: Assets/LowlyPoly/Free Stylized Textures/Textures/Vol_16_2_Sand_Base_Color.png
  artifactKey: Guid(94ddededa5cbf2242b63ddd549cfba38) Importer(815301076,1909f56bfc062723c751e8b465ee728b)
Start importing Assets/LowlyPoly/Free Stylized Textures/Textures/Vol_16_2_Sand_Base_Color.png using Guid(94ddededa5cbf2242b63ddd549cfba38) Importer(815301076,1909f56bfc062723c751e8b465ee728b) (PreviewImporter) -> (artifact id: '1f4e6d2f12e6b9b3c911c853252cdd57') in 0.023668 seconds
Number of updated asset objects reloaded before import = 0Number of asset objects unloaded after import = 2

========================================================================
Received Import Request.
  Time since last request: 0.000030 seconds.
  path: Assets/LowlyPoly/Free Stylized Textures/Textures/Vol_16_2_Sand_Normal.png
  artifactKey: Guid(4afc1765a23e31b4d91c3c7223087506) Importer(815301076,1909f56bfc062723c751e8b465ee728b)
Start importing Assets/LowlyPoly/Free Stylized Textures/Textures/Vol_16_2_Sand_Normal.png using Guid(4afc1765a23e31b4d91c3c7223087506) Importer(815301076,1909f56bfc062723c751e8b465ee728b) (PreviewImporter) -> (artifact id: '92e55bb78c6c1816b338af7242397338') in 0.0216014 seconds
Number of updated asset objects reloaded before import = 0Number of asset objects unloaded after import = 2

========================================================================
Received Import Request.
  Time since last request: 0.118623 seconds.
  path: Assets/LowlyPoly/Free Stylized Textures/Textures/Vol_18_2_Metals_Ambient_Occlusion.png
  artifactKey: Guid(8673ac5a196c5e7429bd829afd0092a8) Importer(815301076,1909f56bfc062723c751e8b465ee728b)
Start importing Assets/LowlyPoly/Free Stylized Textures/Textures/Vol_18_2_Metals_Ambient_Occlusion.png using Guid(8673ac5a196c5e7429bd829afd0092a8) Importer(815301076,1909f56bfc062723c751e8b465ee728b) (PreviewImporter) -> (artifact id: 'cf2b1d228b75f45c39aa50145e8f3e83') in 0.0286261 seconds
Number of updated asset objects reloaded before import = 0Number of asset objects unloaded after import = 2

========================================================================
Received Import Request.
  Time since last request: 0.000020 seconds.
  path: Assets/LowlyPoly/Free Stylized Textures/Textures/Vol_18_2_Metals_Height.png
  artifactKey: Guid(14f529fbbf88335498841aefa9baf5bc) Importer(815301076,1909f56bfc062723c751e8b465ee728b)
Start importing Assets/LowlyPoly/Free Stylized Textures/Textures/Vol_18_2_Metals_Height.png using Guid(14f529fbbf88335498841aefa9baf5bc) Importer(815301076,1909f56bfc062723c751e8b465ee728b) (PreviewImporter) -> (artifact id: '36e34eb006b1ba33f6f292dc77144c25') in 0.0409802 seconds
Number of updated asset objects reloaded before import = 0Number of asset objects unloaded after import = 2

========================================================================
Received Import Request.
  Time since last request: 4.726124 seconds.
  path: Assets/LowlyPoly/Free Stylized Textures/Textures/Vol_35_3_Lava_Ambient_Occlusion.png
  artifactKey: Guid(387bfe5bdb8c63d48aec5f5058d42fcd) Importer(815301076,1909f56bfc062723c751e8b465ee728b)
Start importing Assets/LowlyPoly/Free Stylized Textures/Textures/Vol_35_3_Lava_Ambient_Occlusion.png using Guid(387bfe5bdb8c63d48aec5f5058d42fcd) Importer(815301076,1909f56bfc062723c751e8b465ee728b) (PreviewImporter) -> (artifact id: '2e24a55d4b20af86fc6cfe71876e960b') in 0.0376249 seconds
Number of updated asset objects reloaded before import = 0Number of asset objects unloaded after import = 2

========================================================================
Received Import Request.
  Time since last request: 0.000025 seconds.
  path: Assets/LowlyPoly/Free Stylized Textures/Textures/Vol_42_1_Vegetation_Base_Color.png
  artifactKey: Guid(20e8f0574dfbc8f4e9ea37a90e90345f) Importer(815301076,1909f56bfc062723c751e8b465ee728b)
Start importing Assets/LowlyPoly/Free Stylized Textures/Textures/Vol_42_1_Vegetation_Base_Color.png using Guid(20e8f0574dfbc8f4e9ea37a90e90345f) Importer(815301076,1909f56bfc062723c751e8b465ee728b) (PreviewImporter) -> (artifact id: '45783ba903bc38b1a5515a44e7906857') in 0.0315722 seconds
Number of updated asset objects reloaded before import = 0Number of asset objects unloaded after import = 2

========================================================================
Received Import Request.
  Time since last request: 0.000035 seconds.
  path: Assets/LowlyPoly/Free Stylized Textures/Textures/Vol_36_5_Water_Emissive.png
  artifactKey: Guid(ebcf4dbb3b157704bbacf45bc956f033) Importer(815301076,1909f56bfc062723c751e8b465ee728b)
Start importing Assets/LowlyPoly/Free Stylized Textures/Textures/Vol_36_5_Water_Emissive.png using Guid(ebcf4dbb3b157704bbacf45bc956f033) Importer(815301076,1909f56bfc062723c751e8b465ee728b) (PreviewImporter) -> (artifact id: 'b6769424f0042df5bcb28c01819273bc') in 0.0314205 seconds
Number of updated asset objects reloaded before import = 0Number of asset objects unloaded after import = 2

========================================================================
Received Import Request.
  Time since last request: 0.000069 seconds.
  path: Assets/LowlyPoly/Free Stylized Textures/Textures/Vol_36_5_Water_Base_Color.png
  artifactKey: Guid(d75d23fa05e7cd747ba54add1c60d577) Importer(815301076,1909f56bfc062723c751e8b465ee728b)
Start importing Assets/LowlyPoly/Free Stylized Textures/Textures/Vol_36_5_Water_Base_Color.png using Guid(d75d23fa05e7cd747ba54add1c60d577) Importer(815301076,1909f56bfc062723c751e8b465ee728b) (PreviewImporter) -> (artifact id: '430b5153393b630c77de79c3310495b1') in 0.0268877 seconds
Number of updated asset objects reloaded before import = 0Number of asset objects unloaded after import = 2

========================================================================
Received Import Request.
  Time since last request: 0.000044 seconds.
  path: Assets/LowlyPoly/Free Stylized Textures/Textures/Vol_42_1_Vegetation_Normal.png
  artifactKey: Guid(d79522159a1f6344d8b1c6c2ba127444) Importer(815301076,1909f56bfc062723c751e8b465ee728b)
Start importing Assets/LowlyPoly/Free Stylized Textures/Textures/Vol_42_1_Vegetation_Normal.png using Guid(d79522159a1f6344d8b1c6c2ba127444) Importer(815301076,1909f56bfc062723c751e8b465ee728b) (PreviewImporter) -> (artifact id: '77ca1c68b0877cddb95e3136de55fd97') in 0.0342378 seconds
Number of updated asset objects reloaded before import = 0Number of asset objects unloaded after import = 2

========================================================================
Received Import Request.
  Time since last request: 0.000032 seconds.
  path: Assets/LowlyPoly/Free Stylized Textures/Textures/Vol_36_5_Water_Roughness.png
  artifactKey: Guid(d141606ca3998914892249c806929dcd) Importer(815301076,1909f56bfc062723c751e8b465ee728b)
Start importing Assets/LowlyPoly/Free Stylized Textures/Textures/Vol_36_5_Water_Roughness.png using Guid(d141606ca3998914892249c806929dcd) Importer(815301076,1909f56bfc062723c751e8b465ee728b) (PreviewImporter) -> (artifact id: 'e9e539022c8a5e9a22d792c0e143f933') in 0.021202 seconds
Number of updated asset objects reloaded before import = 0Number of asset objects unloaded after import = 2

========================================================================
Received Import Request.
  Time since last request: 0.183004 seconds.
  path: Assets/LowlyPoly/Free Stylized Textures/Textures/Vol_46_2_Tiles_Ambient_Occlusion.png
  artifactKey: Guid(0bde6e27f85fd544d894b8997034c8ab) Importer(815301076,1909f56bfc062723c751e8b465ee728b)
Start importing Assets/LowlyPoly/Free Stylized Textures/Textures/Vol_46_2_Tiles_Ambient_Occlusion.png using Guid(0bde6e27f85fd544d894b8997034c8ab) Importer(815301076,1909f56bfc062723c751e8b465ee728b) (PreviewImporter) -> (artifact id: 'c76a423e686befcf813c04c15444539a') in 0.0423135 seconds
Number of updated asset objects reloaded before import = 0Number of asset objects unloaded after import = 2

========================================================================
Received Import Request.
  Time since last request: 0.733300 seconds.
  path: Assets/LowlyPoly/Free Stylized Textures/Textures/Vol_46_2_Tiles_Roughness.png
  artifactKey: Guid(02058dd182c528744986488fe9d35a60) Importer(815301076,1909f56bfc062723c751e8b465ee728b)
Start importing Assets/LowlyPoly/Free Stylized Textures/Textures/Vol_46_2_Tiles_Roughness.png using Guid(02058dd182c528744986488fe9d35a60) Importer(815301076,1909f56bfc062723c751e8b465ee728b) (PreviewImporter) -> (artifact id: 'c43c1be72e2ec9db56645e6a20cd049a') in 0.0368509 seconds
Number of updated asset objects reloaded before import = 0Number of asset objects unloaded after import = 2

========================================================================
Received Import Request.
  Time since last request: 0.783960 seconds.
  path: Assets/LowlyPoly/Free Stylized Textures/Textures/Vol_49_5_Rocks_Normal.png
  artifactKey: Guid(d5d87eab3d41c224c9524b61a2523085) Importer(815301076,1909f56bfc062723c751e8b465ee728b)
Start importing Assets/LowlyPoly/Free Stylized Textures/Textures/Vol_49_5_Rocks_Normal.png using Guid(d5d87eab3d41c224c9524b61a2523085) Importer(815301076,1909f56bfc062723c751e8b465ee728b) (PreviewImporter) -> (artifact id: '86e74f9224f2552472924091251f3b04') in 0.0267867 seconds
Number of updated asset objects reloaded before import = 0Number of asset objects unloaded after import = 2

========================================================================
Received Import Request.
  Time since last request: 0.042068 seconds.
  path: Assets/LowlyPoly/Free Stylized Textures/Textures/Vol_58_1_Surface_Height.png
  artifactKey: Guid(ffd07a53ce00d2d48beb5b77432d053c) Importer(815301076,1909f56bfc062723c751e8b465ee728b)
Start importing Assets/LowlyPoly/Free Stylized Textures/Textures/Vol_58_1_Surface_Height.png using Guid(ffd07a53ce00d2d48beb5b77432d053c) Importer(815301076,1909f56bfc062723c751e8b465ee728b) (PreviewImporter) -> (artifact id: '5a88bc446176c176c23236b1685e1c2a') in 0.0204022 seconds
Number of updated asset objects reloaded before import = 0Number of asset objects unloaded after import = 2

========================================================================
Received Import Request.
  Time since last request: 0.000035 seconds.
  path: Assets/LowlyPoly/Free Stylized Textures/Textures/Vol_58_1_Surface_Roughness.png
  artifactKey: Guid(981e4a46d1a5f8346af0b54595225f1f) Importer(815301076,1909f56bfc062723c751e8b465ee728b)
Start importing Assets/LowlyPoly/Free Stylized Textures/Textures/Vol_58_1_Surface_Roughness.png using Guid(981e4a46d1a5f8346af0b54595225f1f) Importer(815301076,1909f56bfc062723c751e8b465ee728b) (PreviewImporter) -> (artifact id: 'd0e286efee0a6e04ae7efd8271dab0ce') in 0.03111 seconds
Number of updated asset objects reloaded before import = 0Number of asset objects unloaded after import = 2

========================================================================
Received Import Request.
  Time since last request: 1.072210 seconds.
  path: Assets/LowlyPoly/Free Stylized Textures/Textures/Vol_67_3_Tile_Base_Color.png
  artifactKey: Guid(f4a8ed9d61a4bd44f812866147d00a66) Importer(815301076,1909f56bfc062723c751e8b465ee728b)
Start importing Assets/LowlyPoly/Free Stylized Textures/Textures/Vol_67_3_Tile_Base_Color.png using Guid(f4a8ed9d61a4bd44f812866147d00a66) Importer(815301076,1909f56bfc062723c751e8b465ee728b) (PreviewImporter) -> (artifact id: '299c728af5f9dd494fd70e92f418bff1') in 0.0308453 seconds
Number of updated asset objects reloaded before import = 0Number of asset objects unloaded after import = 2

========================================================================
Received Import Request.
  Time since last request: 0.774762 seconds.
  path: Assets/LowlyPoly/Free Stylized Textures/Textures/Vol_79_5_Sci-fi_Ambient_Occlusion.png
  artifactKey: Guid(f5d7eb09ca80c5942b6f60a5e3b8e6cd) Importer(815301076,1909f56bfc062723c751e8b465ee728b)
Start importing Assets/LowlyPoly/Free Stylized Textures/Textures/Vol_79_5_Sci-fi_Ambient_Occlusion.png using Guid(f5d7eb09ca80c5942b6f60a5e3b8e6cd) Importer(815301076,1909f56bfc062723c751e8b465ee728b) (PreviewImporter) -> (artifact id: '1509738f46c9999a2ab7fbfce65b34c9') in 0.0371834 seconds
Number of updated asset objects reloaded before import = 0Number of asset objects unloaded after import = 2

========================================================================
Received Import Request.
  Time since last request: 1.161633 seconds.
  path: Assets/LowlyPoly/Free Stylized Textures/Textures/Vol_79_5_Sci-fi_Normal.png
  artifactKey: Guid(6e4929d33a886b34595bc2fe1cb0449f) Importer(815301076,1909f56bfc062723c751e8b465ee728b)
Start importing Assets/LowlyPoly/Free Stylized Textures/Textures/Vol_79_5_Sci-fi_Normal.png using Guid(6e4929d33a886b34595bc2fe1cb0449f) Importer(815301076,1909f56bfc062723c751e8b465ee728b) (PreviewImporter) -> (artifact id: '82e42d7aa769a9785e955cd42d4571d3') in 0.0377219 seconds
Number of updated asset objects reloaded before import = 0Number of asset objects unloaded after import = 2

========================================================================
Received Import Request.
  Time since last request: 0.926688 seconds.
  path: Assets/LowlyPoly/Free Stylized Textures/Textures/Vol_81_3_Sci-fi_Height.png
  artifactKey: Guid(a53d26cb079623f4bbff881e769164c7) Importer(815301076,1909f56bfc062723c751e8b465ee728b)
Start importing Assets/LowlyPoly/Free Stylized Textures/Textures/Vol_81_3_Sci-fi_Height.png using Guid(a53d26cb079623f4bbff881e769164c7) Importer(815301076,1909f56bfc062723c751e8b465ee728b) (PreviewImporter) -> (artifact id: 'da8041b94e2592bf215a7236a79e8be6') in 0.0631479 seconds
Number of updated asset objects reloaded before import = 0Number of asset objects unloaded after import = 2

========================================================================
Received Import Request.
  Time since last request: 0.592107 seconds.
  path: Assets/LowlyPoly/Free Stylized Textures/Textures/Vol_100_1_Pixel_Ambient_Occlusion.png
  artifactKey: Guid(60ee790001468ae42b3abb898be0a0d9) Importer(815301076,1909f56bfc062723c751e8b465ee728b)
Start importing Assets/LowlyPoly/Free Stylized Textures/Textures/Vol_100_1_Pixel_Ambient_Occlusion.png using Guid(60ee790001468ae42b3abb898be0a0d9) Importer(815301076,1909f56bfc062723c751e8b465ee728b) (PreviewImporter) -> (artifact id: '52e20e9538d7e39a07f10da9142e875c') in 0.0437657 seconds
Number of updated asset objects reloaded before import = 0Number of asset objects unloaded after import = 2

========================================================================
Received Import Request.
  Time since last request: 0.722626 seconds.
  path: Assets/LowlyPoly/Free Stylized Textures/Textures/Vol_100_1_Pixel_Roughness.png
  artifactKey: Guid(cf409b0b820307c47bcb38a890a217e1) Importer(815301076,1909f56bfc062723c751e8b465ee728b)
Start importing Assets/LowlyPoly/Free Stylized Textures/Textures/Vol_100_1_Pixel_Roughness.png using Guid(cf409b0b820307c47bcb38a890a217e1) Importer(815301076,1909f56bfc062723c751e8b465ee728b) (PreviewImporter) -> (artifact id: '220973e1edd77fa9ac9340ad90bad299') in 0.0298722 seconds
Number of updated asset objects reloaded before import = 0Number of asset objects unloaded after import = 2

========================================================================
Received Import Request.
  Time since last request: 6.909671 seconds.
  path: Assets/LowlyPoly/Free Stylized Textures/Textures/Vol_34_2_Tiles_Height.png
  artifactKey: Guid(382c65bc958f74043a161731b681e152) Importer(815301076,1909f56bfc062723c751e8b465ee728b)
Start importing Assets/LowlyPoly/Free Stylized Textures/Textures/Vol_34_2_Tiles_Height.png using Guid(382c65bc958f74043a161731b681e152) Importer(815301076,1909f56bfc062723c751e8b465ee728b) (PreviewImporter) -> (artifact id: '83b23b137420988172ef1e345794e030') in 0.0383175 seconds
Number of updated asset objects reloaded before import = 0Number of asset objects unloaded after import = 2

========================================================================
Received Import Request.
  Time since last request: 0.517146 seconds.
  path: Assets/LowlyPoly/Free Stylized Textures/Textures/Vol_30_3_Roofs_Normal.png
  artifactKey: Guid(27db48b727b8291479c50e33cd6e436c) Importer(815301076,1909f56bfc062723c751e8b465ee728b)
Start importing Assets/LowlyPoly/Free Stylized Textures/Textures/Vol_30_3_Roofs_Normal.png using Guid(27db48b727b8291479c50e33cd6e436c) Importer(815301076,1909f56bfc062723c751e8b465ee728b) (PreviewImporter) -> (artifact id: '29356237fdba21df828777efc471043f') in 0.0300035 seconds
Number of updated asset objects reloaded before import = 0Number of asset objects unloaded after import = 2

========================================================================
Received Import Request.
  Time since last request: 44.162649 seconds.
  path: Assets/LowlyPoly/Free Stylized Textures/Textures/Vol_19_4_Dirt_Ambient_Occlusion.png
  artifactKey: Guid(57d96d9d393c75743b9207eddd2e69b1) Importer(815301076,1909f56bfc062723c751e8b465ee728b)
Start importing Assets/LowlyPoly/Free Stylized Textures/Textures/Vol_19_4_Dirt_Ambient_Occlusion.png using Guid(57d96d9d393c75743b9207eddd2e69b1) Importer(815301076,1909f56bfc062723c751e8b465ee728b) (PreviewImporter) -> (artifact id: 'ddbc02228283b4f9c890e0a55391a704') in 0.0669531 seconds
Number of updated asset objects reloaded before import = 0Number of asset objects unloaded after import = 2

========================================================================
Received Import Request.
  Time since last request: 0.699575 seconds.
  path: Assets/LowlyPoly/Free Stylized Textures/Textures/Vol_19_4_Dirt_Roughness.png
  artifactKey: Guid(77f420355d0afa849827304d8e765818) Importer(815301076,1909f56bfc062723c751e8b465ee728b)
Start importing Assets/LowlyPoly/Free Stylized Textures/Textures/Vol_19_4_Dirt_Roughness.png using Guid(77f420355d0afa849827304d8e765818) Importer(815301076,1909f56bfc062723c751e8b465ee728b) (PreviewImporter) -> (artifact id: '7ac6c1b637c5eea74abeb86383fb3e08') in 0.0466835 seconds
Number of updated asset objects reloaded before import = 0Number of asset objects unloaded after import = 2

========================================================================
Received Import Request.
  Time since last request: 0.738269 seconds.
  path: Assets/LowlyPoly/Free Stylized Textures/Textures/Vol_23_1_Rocks_Normal.png
  artifactKey: Guid(89afee2ff7c99f14fb6b93db354adbc5) Importer(815301076,1909f56bfc062723c751e8b465ee728b)
Start importing Assets/LowlyPoly/Free Stylized Textures/Textures/Vol_23_1_Rocks_Normal.png using Guid(89afee2ff7c99f14fb6b93db354adbc5) Importer(815301076,1909f56bfc062723c751e8b465ee728b) (PreviewImporter) -> (artifact id: '637c3e1f0b6a685b8b45b6bcbf2ac975') in 0.0387032 seconds
Number of updated asset objects reloaded before import = 0Number of asset objects unloaded after import = 2

========================================================================
Received Import Request.
  Time since last request: 0.541737 seconds.
  path: Assets/LowlyPoly/Free Stylized Textures/Textures/Vol_26_2_Cliffs_Height.png
  artifactKey: Guid(2c395f3ea5a3b5e40bfe2b47798518cf) Importer(815301076,1909f56bfc062723c751e8b465ee728b)
Start importing Assets/LowlyPoly/Free Stylized Textures/Textures/Vol_26_2_Cliffs_Height.png using Guid(2c395f3ea5a3b5e40bfe2b47798518cf) Importer(815301076,1909f56bfc062723c751e8b465ee728b) (PreviewImporter) -> (artifact id: '2f2c4106c06d03847914cf2785588f41') in 0.024468 seconds
Number of updated asset objects reloaded before import = 0Number of asset objects unloaded after import = 2

Editor requested this worker to shutdown with reason: Scaling down because of idle timeout
AssetImportWorker is now disconnected from the server
Process exiting
Exiting without the bug reporter. Application will terminate with return code 0